<?xml version="1.0" encoding="UTF-8"?>
<!-- Generated by org.testng.reporters.JUnitReportReporter -->
<testsuite hostname="DESKTOP-2AO4Q5S" name="pizzaOrdering.Cases" tests="1" failures="0" timestamp="28 May 2018 10:29:46 GMT" time="116.855" errors="0">
  <testcase name="orderItems" time="116.855" classname="pizzaOrdering.Cases"/>
</testsuite> <!-- pizzaOrdering.Cases -->
